[debug] [2018-09-19T11:34:28.947Z] ----------------------------------------------------------------------
[debug] [2018-09-19T11:34:28.948Z] Command:       /usr/local/bin/node /usr/local/bin/firebase serve
[debug] [2018-09-19T11:34:28.949Z] CLI Version:   4.2.1
[debug] [2018-09-19T11:34:28.949Z] Platform:      darwin
[debug] [2018-09-19T11:34:28.949Z] Node Version:  v8.11.3
[debug] [2018-09-19T11:34:28.949Z] Time:          Wed Sep 19 2018 14:34:28 GMT+0300 (EEST)
[debug] [2018-09-19T11:34:28.949Z] ----------------------------------------------------------------------
[debug] 
[debug] [2018-09-19T11:34:28.963Z] > command requires scopes: ["email","openid","https://www.googleapis.com/auth/cloudplatformprojects.readonly","https://www.googleapis.com/auth/firebase","https://www.googleapis.com/auth/cloud-platform"]
[debug] [2018-09-19T11:34:28.964Z] > authorizing via signed-in user
[debug] [2018-09-19T11:34:28.965Z] > refreshing access token with scopes: ["email","https://www.googleapis.com/auth/cloud-platform","https://www.googleapis.com/auth/cloudplatformprojects.readonly","https://www.googleapis.com/auth/firebase","openid"]
[debug] [2018-09-19T11:34:28.966Z] >>> HTTP REQUEST POST https://www.googleapis.com/oauth2/v3/token  

[debug] [2018-09-19T11:34:29.282Z] <<< HTTP RESPONSE 200
[debug] [2018-09-19T11:34:29.305Z] >>> HTTP REQUEST GET https://admin.firebase.com/v1/projects/ngx-auth-firebaseui  
 
[debug] [2018-09-19T11:34:30.419Z] <<< HTTP RESPONSE 200
[debug] [2018-09-19T11:34:30.420Z] >>> HTTP REQUEST GET https://cloudresourcemanager.googleapis.com/v1/projects/ngx-auth-firebaseui  
 
[debug] [2018-09-19T11:34:30.957Z] <<< HTTP RESPONSE 200
[info] 
[info] === Serving from '/Users/admin/Git/ngx-auth-firebaseui/demo'...
[info] 
[debug] [2018-09-19T11:34:30.959Z] >>> HTTP REQUEST GET https://mobilesdk-pa.googleapis.com/v1/projects/520699629648/clients/_:getWebAppConfig  
 
[debug] [2018-09-19T11:34:31.436Z] <<< HTTP RESPONSE 200
[warn] ⚠  hosting: Port 5000 is not available. Trying another port...
[info] i  hosting[ngx-auth-firebaseui]: Serving hosting files from: dist/browser
[info] ✔  hosting[ngx-auth-firebaseui]: Local server: http://localhost:5005
